2026-03-09 12:41:56 - client_utils - INFO - 正在检测可用服务器...
2026-03-09 12:41:56 - client_utils - WARNING - 未找到可用服务器，将使用第一个配置的服务器
2026-03-09 12:41:58 - client_utils - INFO - 正在向服务器注册: https://your-server.onrender.com
2026-03-09 12:42:02 - client_utils - ERROR - 注册失败: 404 Client Error: Not Found for url: https://your-server.onrender.com/api/client/register
2026-03-09 12:42:02 - client_utils - ERROR - 注册失败
2026-03-09 12:42:56 - client_utils - INFO - 正在检测可用服务器...
2026-03-09 12:42:56 - client_utils - WARNING - 未找到可用服务器，将使用第一个配置的服务器
2026-03-09 12:42:57 - client_utils - INFO - 正在向服务器注册: https://your-server.onrender.com
2026-03-09 12:43:01 - client_utils - ERROR - 注册失败: 404 Client Error: Not Found for url: https://your-server.onrender.com/api/client/register
2026-03-09 12:43:01 - client_utils - ERROR - 注册失败
2026-03-09 12:44:41 - client_utils - INFO - 正在检测可用服务器...
2026-03-09 12:44:42 - client_utils - WARNING - 未找到可用服务器，将使用第一个配置的服务器
2026-03-09 12:44:43 - client_utils - INFO - 正在向服务器注册: https://your-server.onrender.com
2026-03-09 12:44:47 - client_utils - ERROR - 注册失败: 404 Client Error: Not Found for url: https://your-server.onrender.com/api/client/register
2026-03-09 12:44:47 - client_utils - ERROR - 注册失败
2026-03-09 12:46:02 - client_utils - INFO - 正在检测可用服务器...
2026-03-09 12:46:02 - client_utils - WARNING - 未找到可用服务器，将使用第一个配置的服务器
2026-03-09 12:46:03 - client_utils - INFO - 正在向服务器注册: https://your-server.onrender.com
2026-03-09 12:46:07 - client_utils - ERROR - 注册失败: 404 Client Error: Not Found for url: https://your-server.onrender.com/api/client/register
2026-03-09 12:46:07 - client_utils - ERROR - 注册失败
2026-03-09 12:48:11 - client_utils - INFO - 正在检测可用服务器...
2026-03-09 12:48:12 - client_utils - WARNING - 未找到可用服务器，将使用第一个配置的服务器
2026-03-09 12:48:13 - client_utils - INFO - 正在向服务器注册: https://your-server.onrender.com
2026-03-09 12:48:17 - client_utils - ERROR - 注册失败: 404 Client Error: Not Found for url: https://your-server.onrender.com/api/client/register
2026-03-09 12:48:17 - client_utils - ERROR - 注册失败
2026-03-09 12:50:27 - client_utils - INFO - 🔧 直接使用本地服务器: http://localhost:8000
2026-03-09 12:50:29 - client_utils - INFO - ✅ 本地服务器连接成功
2026-03-09 12:50:31 - client_utils - INFO - 正在向服务器注册: http://localhost:8000
2026-03-09 12:50:40 - client_utils - ERROR - 注册失败: 500 Server Error: Internal Server Error for url: http://localhost:8000/api/client/register
2026-03-09 12:50:40 - client_utils - ERROR - 注册失败
2026-03-09 12:53:20 - client_utils - INFO - 🔧 直接使用本地服务器: http://localhost:8000
2026-03-09 12:53:22 - client_utils - INFO - ✅ 本地服务器连接成功
2026-03-09 12:53:24 - client_utils - INFO - 正在向服务器注册: http://localhost:8000
2026-03-09 12:53:26 - client_utils - INFO - ✅ 注册成功! 客户端ID: ffea1615-1341-437e-b26e-011116ccdb94, 员工ID: 梁珂\LiangKe
2026-03-09 12:53:26 - client_utils - INFO - ✅ 截图成功: screenshot_20260309_125326.webp (286.6KB, webp)
2026-03-09 12:53:29 - client_utils - INFO - ✅ 截图上传成功: screenshot_20260309_125326.webp
2026-03-09 13:02:22 - client_utils - INFO - 🔧 直接使用本地服务器: http://localhost:8000
2026-03-09 13:02:24 - client_utils - INFO - ✅ 本地服务器连接成功
2026-03-09 13:02:24 - client_utils - INFO - 使用现有client_id: ffea1615-1341-437e-b26e-011116ccdb94
2026-03-09 13:02:27 - client_utils - INFO - ✅ 截图成功: screenshot_20260309_130227.webp (187.3KB, webp)
2026-03-09 13:02:29 - client_utils - INFO - ✅ 截图上传成功: screenshot_20260309_130227.webp
2026-03-09 13:02:55 - client_utils - INFO - ==================================================
2026-03-09 13:02:55 - client_utils - INFO - 员工监控系统客户端 v3.0
2026-03-09 13:02:55 - client_utils - INFO - ==================================================
2026-03-09 13:02:55 - client_utils - INFO - 🔧 直接使用本地服务器: http://localhost:8000
2026-03-09 13:02:57 - client_utils - INFO - ✅ 本地服务器连接成功
2026-03-09 13:02:57 - client_utils - INFO - 使用现有client_id: ffea1615-1341-437e-b26e-011116ccdb94
2026-03-09 13:02:59 - client_utils - INFO - 开始监控，员工ID: 梁珂\LiangKe
2026-03-09 13:02:59 - client_utils - INFO - 截图间隔: 300秒
2026-03-09 13:02:59 - client_utils - INFO - 图片格式: webp
2026-03-09 13:02:59 - client_utils - INFO - 监控程序启动成功
2026-03-09 13:02:59 - client_utils - ERROR - 程序异常: TrayIcon.create_icon.<locals>.<lambda>() takes 0 positional arguments but 1 was given
Traceback (most recent call last):
  File "C:\Users\LiangKe\Desktop\monitor\client.py", line 1045, in main
    client.start()
  File "C:\Users\LiangKe\Desktop\monitor\client.py", line 678, in start
    self.tray.run()
  File "C:\Users\LiangKe\Desktop\monitor\client_utils.py", line 507, in run
    self.icon.run()
  File "C:\Users\LiangKe\Desktop\monitor\venv312\Lib\site-packages\pystray\_base.py", line 212, in run
    self._run()
  File "C:\Users\LiangKe\Desktop\monitor\venv312\Lib\site-packages\pystray\_win32.py", line 124, in _run
    self._mark_ready()
  File "C:\Users\LiangKe\Desktop\monitor\venv312\Lib\site-packages\pystray\_base.py", line 310, in _mark_ready
    self.update_menu()
  File "C:\Users\LiangKe\Desktop\monitor\venv312\Lib\site-packages\pystray\_base.py", line 275, in update_menu
    self._update_menu()
  File "C:\Users\LiangKe\Desktop\monitor\venv312\Lib\site-packages\pystray\_win32.py", line 107, in _update_menu
    hmenu = self._create_menu(self.menu, callbacks)
            ^^^^^^^^^^^^^^^^^^^^^^^^^^^^^^^^^^^^^^^
  File "C:\Users\LiangKe\Desktop\monitor\venv312\Lib\site-packages\pystray\_win32.py", line 284, in _create_menu
    menu_item = self._create_menu_item(descriptor, callbacks)
                ^^^^^^^^^^^^^^^^^^^^^^^^^^^^^^^^^^^^^^^^^^^^^
  File "C:\Users\LiangKe\Desktop\monitor\venv312\Lib\site-packages\pystray\_win32.py", line 317, in _create_menu_item
    | (win32.MFS_DISABLED if not descriptor.enabled else 0),
                                 ^^^^^^^^^^^^^^^^^^
  File "C:\Users\LiangKe\Desktop\monitor\venv312\Lib\site-packages\pystray\_base.py", line 514, in enabled
    return self._enabled(self)
           ^^^^^^^^^^^^^^^^^^^
TypeError: TrayIcon.create_icon.<locals>.<lambda>() takes 0 positional arguments but 1 was given
2026-03-09 13:06:12 - client_utils - INFO - ==================================================
2026-03-09 13:06:12 - client_utils - INFO - 员工监控系统客户端 v3.0
2026-03-09 13:06:12 - client_utils - INFO - ==================================================
2026-03-09 13:06:12 - client_utils - INFO - 🔧 直接使用本地服务器: http://localhost:8000
2026-03-09 13:06:14 - client_utils - INFO - ✅ 本地服务器连接成功
2026-03-09 13:06:14 - client_utils - INFO - 使用现有client_id: ffea1615-1341-437e-b26e-011116ccdb94
2026-03-09 13:06:16 - client_utils - INFO - 开始监控，员工ID: 梁珂\LiangKe
2026-03-09 13:06:16 - client_utils - INFO - 截图间隔: 300秒
2026-03-09 13:06:16 - client_utils - INFO - 图片格式: webp
2026-03-09 13:06:16 - client_utils - INFO - 监控程序启动成功
2026-03-09 13:09:38 - client_utils - INFO - ==================================================
2026-03-09 13:09:38 - client_utils - INFO - 员工监控系统客户端 v3.0
2026-03-09 13:09:38 - client_utils - INFO - ==================================================
2026-03-09 13:09:38 - client_utils - INFO - 🔧 直接使用本地服务器: http://localhost:8000
2026-03-09 13:09:40 - client_utils - INFO - ✅ 本地服务器连接成功
2026-03-09 13:09:40 - client_utils - INFO - 使用现有client_id: ffea1615-1341-437e-b26e-011116ccdb94
2026-03-09 13:09:46 - client_utils - INFO - ==================================================
2026-03-09 13:09:46 - client_utils - INFO - 员工监控系统客户端 v3.0
2026-03-09 13:09:46 - client_utils - INFO - ==================================================
2026-03-09 13:09:46 - client_utils - INFO - 🔧 直接使用本地服务器: http://localhost:8000
2026-03-09 13:09:48 - client_utils - INFO - ✅ 本地服务器连接成功
2026-03-09 13:09:48 - client_utils - INFO - 使用现有client_id: ffea1615-1341-437e-b26e-011116ccdb94
2026-03-09 13:09:50 - client_utils - INFO - 开始监控，员工ID: 梁珂\LiangKe
2026-03-09 13:09:50 - client_utils - INFO - 截图间隔: 300秒
2026-03-09 13:09:50 - client_utils - INFO - 图片格式: webp
2026-03-09 13:09:50 - client_utils - INFO - 监控程序启动成功
2026-03-09 13:12:04 - client_utils - INFO - ==================================================
2026-03-09 13:12:04 - client_utils - INFO - 员工监控系统客户端 v3.0
2026-03-09 13:12:04 - client_utils - INFO - ==================================================
2026-03-09 13:12:04 - client_utils - INFO - 🔧 直接使用本地服务器: http://localhost:8000
2026-03-09 13:12:06 - client_utils - INFO - ✅ 本地服务器连接成功
2026-03-09 13:12:06 - client_utils - INFO - 使用现有client_id: ffea1615-1341-437e-b26e-011116ccdb94
2026-03-09 13:12:24 - client_utils - INFO - 🔧 直接使用本地服务器: http://localhost:8000
2026-03-09 13:12:26 - client_utils - INFO - ✅ 本地服务器连接成功
2026-03-09 13:12:26 - client_utils - INFO - 使用现有client_id: ffea1615-1341-437e-b26e-011116ccdb94
2026-03-09 13:12:28 - client_utils - INFO - ✅ 截图成功: screenshot_20260309_131228.webp (184.6KB, webp)
2026-03-09 13:12:30 - client_utils - INFO - ✅ 截图上传成功: screenshot_20260309_131228.webp
2026-03-09 13:14:15 - client_utils - INFO - ==================================================
2026-03-09 13:14:15 - client_utils - INFO - 员工监控系统客户端 v3.0
2026-03-09 13:14:15 - client_utils - INFO - ==================================================
2026-03-09 13:14:15 - client_utils - INFO - 🔧 直接使用本地服务器: http://localhost:8000
2026-03-09 13:14:18 - client_utils - INFO - ✅ 本地服务器连接成功
2026-03-09 13:14:18 - client_utils - INFO - 使用现有client_id: ffea1615-1341-437e-b26e-011116ccdb94
2026-03-09 13:14:20 - client_utils - INFO - 开始监控，员工ID: 梁珂\LiangKe
2026-03-09 13:14:20 - client_utils - INFO - 截图间隔: 300秒
2026-03-09 13:14:20 - client_utils - INFO - 图片格式: webp
2026-03-09 13:14:20 - client_utils - INFO - 监控程序启动成功
2026-03-09 13:17:10 - client_utils - INFO - ==================================================
2026-03-09 13:17:10 - client_utils - INFO - 员工监控系统客户端 v3.0
2026-03-09 13:17:10 - client_utils - INFO - ==================================================
2026-03-09 13:17:10 - client_utils - INFO - 🔧 直接使用本地服务器: http://localhost:8000
2026-03-09 13:17:14 - client_utils - INFO - ==================================================
2026-03-09 13:17:14 - client_utils - INFO - 员工监控系统客户端 v3.0
2026-03-09 13:17:14 - client_utils - INFO - ==================================================
2026-03-09 13:17:14 - client_utils - INFO - 🔧 直接使用本地服务器: http://localhost:8000
2026-03-09 13:17:16 - client_utils - INFO - ✅ 本地服务器连接成功
2026-03-09 13:17:16 - client_utils - INFO - 使用现有client_id: ffea1615-1341-437e-b26e-011116ccdb94
2026-03-09 13:17:19 - client_utils - INFO - 开始监控，员工ID: 梁珂\LiangKe
2026-03-09 13:17:19 - client_utils - INFO - 截图间隔: 300秒
2026-03-09 13:17:19 - client_utils - INFO - 图片格式: webp
2026-03-09 13:17:19 - client_utils - INFO - 监控程序启动成功
2026-03-09 13:22:21 - client_utils - INFO - ✅ 截图成功: screenshot_20260309_132221.webp (200.4KB, webp)
2026-03-09 13:22:23 - client_utils - INFO - ✅ 截图上传成功: screenshot_20260309_132221.webp
2026-03-09 13:24:50 - client_utils - INFO - 正在停止监控程序...
2026-03-09 13:24:51 - client_utils - INFO - ✅ 截图成功: screenshot_20260309_132450.webp (200.8KB, webp)
2026-03-09 13:24:53 - client_utils - INFO - ✅ 截图上传成功: screenshot_20260309_132450.webp
2026-03-09 13:33:59 - client_utils - INFO - ==================================================
2026-03-09 13:33:59 - client_utils - INFO - 员工监控系统客户端 v3.0
2026-03-09 13:33:59 - client_utils - INFO - ==================================================
2026-03-09 13:33:59 - client_utils - INFO - 🔧 直接使用本地服务器: http://localhost:8000
2026-03-09 13:34:01 - client_utils - INFO - ✅ 本地服务器连接成功
2026-03-09 13:34:01 - client_utils - INFO - 使用现有client_id: ffea1615-1341-437e-b26e-011116ccdb94
2026-03-09 13:34:03 - client_utils - INFO - 开始监控，员工ID: 梁珂\LiangKe
2026-03-09 13:34:03 - client_utils - INFO - 截图间隔: 300秒
2026-03-09 13:34:03 - client_utils - INFO - 图片格式: webp
2026-03-09 13:34:03 - client_utils - INFO - 监控程序启动成功
2026-03-09 13:39:06 - client_utils - INFO - ✅ 截图成功: screenshot_20260309_133905.webp (217.6KB, webp)
2026-03-09 13:39:08 - client_utils - INFO - ✅ 截图上传成功: screenshot_20260309_133905.webp
2026-03-09 13:44:08 - client_utils - INFO - ✅ 截图成功: screenshot_20260309_134408.webp (79.6KB, webp)
2026-03-09 13:44:10 - client_utils - INFO - ✅ 截图上传成功: screenshot_20260309_134408.webp
2026-03-09 13:49:13 - client_utils - INFO - ✅ 截图成功: screenshot_20260309_134912.webp (211.7KB, webp)
2026-03-09 13:49:15 - client_utils - INFO - ✅ 截图上传成功: screenshot_20260309_134912.webp
2026-03-09 13:54:15 - client_utils - INFO - ✅ 截图成功: screenshot_20260309_135415.webp (227.7KB, webp)
2026-03-09 13:54:17 - client_utils - INFO - ✅ 截图上传成功: screenshot_20260309_135415.webp
2026-03-09 13:59:20 - client_utils - INFO - ✅ 截图成功: screenshot_20260309_135920.webp (165.2KB, webp)
2026-03-09 13:59:22 - client_utils - INFO - ✅ 截图上传成功: screenshot_20260309_135920.webp
2026-03-09 14:04:23 - client_utils - INFO - ✅ 截图成功: screenshot_20260309_140422.webp (204.2KB, webp)
2026-03-09 14:04:25 - client_utils - INFO - ✅ 截图上传成功: screenshot_20260309_140422.webp
2026-03-09 14:09:27 - client_utils - INFO - ✅ 截图成功: screenshot_20260309_140927.webp (159.3KB, webp)
2026-03-09 14:09:29 - client_utils - INFO - ✅ 截图上传成功: screenshot_20260309_140927.webp
2026-03-09 14:14:30 - client_utils - INFO - ✅ 截图成功: screenshot_20260309_141429.webp (172.7KB, webp)
2026-03-09 14:14:32 - client_utils - INFO - ✅ 截图上传成功: screenshot_20260309_141429.webp
2026-03-09 14:19:34 - client_utils - INFO - ✅ 截图成功: screenshot_20260309_141934.webp (166.0KB, webp)
2026-03-09 14:19:36 - client_utils - INFO - ✅ 截图上传成功: screenshot_20260309_141934.webp
2026-03-09 14:24:37 - client_utils - INFO - ✅ 截图成功: screenshot_20260309_142437.webp (154.1KB, webp)
2026-03-09 14:24:39 - client_utils - INFO - ✅ 截图上传成功: screenshot_20260309_142437.webp
2026-03-09 14:29:42 - client_utils - INFO - ✅ 截图成功: screenshot_20260309_142941.webp (203.3KB, webp)
2026-03-09 14:29:44 - client_utils - INFO - ✅ 截图上传成功: screenshot_20260309_142941.webp
2026-03-09 14:34:44 - client_utils - INFO - ✅ 截图成功: screenshot_20260309_143444.webp (230.7KB, webp)
2026-03-09 14:34:46 - client_utils - INFO - ✅ 截图上传成功: screenshot_20260309_143444.webp
2026-03-09 14:38:40 - client_utils - INFO - 正在停止监控程序...
2026-03-09 14:38:41 - client_utils - INFO - ✅ 截图成功: screenshot_20260309_143840.webp (248.0KB, webp)
2026-03-09 14:38:45 - client_utils - INFO - ✅ 托盘图标已创建
2026-03-09 14:38:45 - client_utils - INFO - ==================================================
2026-03-09 14:38:45 - client_utils - INFO - 员工监控系统客户端 v3.0
2026-03-09 14:38:45 - client_utils - INFO - ==================================================
2026-03-09 14:38:45 - client_utils - INFO - 🔧 直接使用本地服务器: http://localhost:8000
2026-03-09 14:38:47 - client_utils - INFO - ✅ 本地服务器连接成功
2026-03-09 14:38:49 - client_utils - INFO - 正在向服务器注册: http://localhost:8000
2026-03-09 14:38:51 - client_utils - INFO - ✅ 注册成功! 客户端ID: ffea1615-1341-437e-b26e-011116ccdb94, 员工ID: 梁珂\LiangKe
2026-03-09 14:38:51 - client_utils - INFO - 开始监控，员工ID: 梁珂\LiangKe
2026-03-09 14:38:51 - client_utils - INFO - 截图间隔: 300秒
2026-03-09 14:38:51 - client_utils - INFO - 图片格式: webp
2026-03-09 14:38:51 - client_utils - INFO - 监控程序启动成功
2026-03-09 14:40:48 - client_utils - INFO - 正在停止监控程序...
2026-03-09 14:40:50 - client_utils - INFO - ✅ 截图成功: screenshot_20260309_144050.webp (219.3KB, webp)
2026-03-09 14:40:51 - client_utils - INFO - ==================================================
2026-03-09 14:40:51 - client_utils - INFO - 监控程序停止
2026-03-09 14:40:51 - client_utils - INFO - 运行时间: 0.03小时
2026-03-09 14:40:51 - client_utils - INFO - 截图数量: 1
2026-03-09 14:40:51 - client_utils - INFO - 上传成功: 0
2026-03-09 14:40:51 - client_utils - INFO - 上传失败: 0
2026-03-09 14:40:51 - client_utils - INFO - ==================================================
2026-03-09 14:40:54 - client_utils - INFO - ✅ 托盘图标已创建
2026-03-09 14:40:54 - client_utils - INFO - ==================================================
2026-03-09 14:40:54 - client_utils - INFO - 员工监控系统客户端 v3.0
2026-03-09 14:40:54 - client_utils - INFO - ==================================================
2026-03-09 14:40:54 - client_utils - INFO - 🔧 直接使用本地服务器: http://localhost:8000
2026-03-09 14:40:56 - client_utils - INFO - ✅ 本地服务器连接成功
2026-03-09 14:40:57 - client_utils - INFO - 正在向服务器注册: http://localhost:8000
2026-03-09 14:40:59 - client_utils - INFO - ✅ 注册成功! 客户端ID: ffea1615-1341-437e-b26e-011116ccdb94, 员工ID: 梁珂\LiangKe
2026-03-09 14:40:59 - client_utils - INFO - 开始监控，员工ID: 梁珂\LiangKe
2026-03-09 14:40:59 - client_utils - INFO - 截图间隔: 300秒
2026-03-09 14:40:59 - client_utils - INFO - 图片格式: webp
2026-03-09 14:40:59 - client_utils - INFO - 监控程序启动成功
2026-03-09 14:46:02 - client_utils - INFO - ✅ 截图成功: screenshot_20260309_144601.webp (221.7KB, webp)
2026-03-09 14:46:04 - client_utils - INFO - ✅ 截图上传成功: screenshot_20260309_144601.webp
2026-03-09 14:47:29 - client_utils - INFO - 正在停止监控程序...
2026-03-09 14:47:30 - client_utils - INFO - ✅ 截图成功: screenshot_20260309_144730.webp (238.1KB, webp)
2026-03-09 14:47:32 - client_utils - INFO - ✅ 截图上传成功: screenshot_20260309_144730.webp
2026-03-09 14:47:33 - client_utils - INFO - ==================================================
2026-03-09 14:47:33 - client_utils - INFO - 监控程序停止
2026-03-09 14:47:33 - client_utils - INFO - 运行时间: 0.11小时
2026-03-09 14:47:33 - client_utils - INFO - 截图数量: 2
2026-03-09 14:47:33 - client_utils - INFO - 上传成功: 2
2026-03-09 14:47:33 - client_utils - INFO - 上传失败: 0
2026-03-09 14:47:33 - client_utils - INFO - ==================================================
2026-03-09 14:47:36 - client_utils - INFO - ✅ 托盘图标已创建
2026-03-09 14:47:36 - client_utils - INFO - ==================================================
2026-03-09 14:47:36 - client_utils - INFO - 员工监控系统客户端 v3.0
2026-03-09 14:47:36 - client_utils - INFO - ==================================================
2026-03-09 14:47:36 - client_utils - INFO - 🔧 直接使用本地服务器: http://localhost:8000
2026-03-09 14:47:38 - client_utils - INFO - ✅ 本地服务器连接成功
2026-03-09 14:47:38 - client_utils - INFO - 使用现有client_id: ffea1615-1341-437e-b26e-011116ccdb94
2026-03-09 14:47:40 - client_utils - INFO - 开始监控，员工ID: 梁珂\LiangKe
2026-03-09 14:47:40 - client_utils - INFO - 截图间隔: 300秒
2026-03-09 14:47:40 - client_utils - INFO - 图片格式: webp
2026-03-09 14:47:40 - client_utils - INFO - 监控程序启动成功
2026-03-09 14:47:40 - client_utils - INFO - ✅ 托盘图标线程已启动
2026-03-09 14:52:31 - client_utils - INFO - 正在停止监控程序...
2026-03-09 14:52:39 - client_utils - INFO - ✅ 托盘图标已创建
2026-03-09 14:52:39 - client_utils - INFO - ==================================================
2026-03-09 14:52:39 - client_utils - INFO - 员工监控系统客户端 v3.0
2026-03-09 14:52:39 - client_utils - INFO - ==================================================
2026-03-09 14:52:39 - client_utils - INFO - 🔧 直接使用本地服务器: http://localhost:8000
2026-03-09 14:52:41 - client_utils - INFO - ✅ 本地服务器连接成功
2026-03-09 14:52:43 - client_utils - INFO - 正在向服务器注册: http://localhost:8000
2026-03-09 14:52:45 - client_utils - INFO - ✅ 注册成功! 客户端ID: ffea1615-1341-437e-b26e-011116ccdb94, 员工ID: 梁珂\LiangKe
2026-03-09 14:52:45 - client_utils - INFO - 开始监控，员工ID: 梁珂\LiangKe
2026-03-09 14:52:45 - client_utils - INFO - 截图间隔: 300秒
2026-03-09 14:52:45 - client_utils - INFO - 图片格式: webp
2026-03-09 14:52:45 - client_utils - INFO - 监控程序启动成功
2026-03-09 14:52:45 - client_utils - INFO - ✅ 托盘图标线程已启动
2026-03-09 14:57:26 - client_utils - INFO - 正在停止监控程序...
2026-03-09 14:57:29 - client_utils - INFO - ✅ 托盘图标已创建
2026-03-09 14:57:29 - client_utils - INFO - ==================================================
2026-03-09 14:57:29 - client_utils - INFO - 员工监控系统客户端 v3.0
2026-03-09 14:57:29 - client_utils - INFO - ==================================================
2026-03-09 14:57:29 - client_utils - INFO - 🔧 直接使用本地服务器: http://localhost:8000
2026-03-09 14:57:31 - client_utils - INFO - ✅ 本地服务器连接成功
2026-03-09 14:57:31 - client_utils - INFO - 使用现有client_id: ffea1615-1341-437e-b26e-011116ccdb94
2026-03-09 14:57:33 - client_utils - INFO - 开始监控，员工ID: 梁珂\LiangKe
2026-03-09 14:57:33 - client_utils - INFO - 截图间隔: 300秒
2026-03-09 14:57:33 - client_utils - INFO - 图片格式: webp
2026-03-09 14:57:33 - client_utils - INFO - 监控程序启动成功
2026-03-09 14:57:33 - client_utils - INFO - ✅ 托盘图标线程已启动
2026-03-09 14:58:26 - client_utils - INFO - 正在停止监控程序...
2026-03-09 14:58:35 - client_utils - INFO - ✅ 托盘图标已创建
2026-03-09 14:58:35 - client_utils - INFO - ==================================================
2026-03-09 14:58:35 - client_utils - INFO - 员工监控系统客户端 v3.0
2026-03-09 14:58:35 - client_utils - INFO - ==================================================
2026-03-09 14:58:35 - client_utils - INFO - 🔧 直接使用本地服务器: http://localhost:8000
2026-03-09 14:58:37 - client_utils - INFO - ✅ 本地服务器连接成功
2026-03-09 14:58:37 - client_utils - INFO - 使用现有client_id: ffea1615-1341-437e-b26e-011116ccdb94
2026-03-09 14:58:39 - client_utils - INFO - 开始监控，员工ID: 梁珂\LiangKe
2026-03-09 14:58:39 - client_utils - INFO - 截图间隔: 300秒
2026-03-09 14:58:39 - client_utils - INFO - 图片格式: webp
2026-03-09 14:58:39 - client_utils - INFO - 监控程序启动成功
2026-03-09 14:58:39 - client_utils - INFO - ✅ 托盘图标线程已启动
2026-03-09 14:59:52 - client_utils - INFO - 正在停止监控程序...
2026-03-09 14:59:57 - client_utils - INFO - ✅ 托盘图标已创建
2026-03-09 14:59:57 - client_utils - INFO - ==================================================
2026-03-09 14:59:57 - client_utils - INFO - 员工监控系统客户端 v3.0
2026-03-09 14:59:57 - client_utils - INFO - ==================================================
2026-03-09 14:59:57 - client_utils - INFO - 🔧 直接使用本地服务器: http://localhost:8000
2026-03-09 14:59:59 - client_utils - INFO - ✅ 本地服务器连接成功
2026-03-09 15:00:00 - client_utils - INFO - 正在向服务器注册: http://localhost:8000
2026-03-09 15:00:02 - client_utils - INFO - 截图间隔更新为: 300秒
2026-03-09 15:00:02 - client_utils - INFO - ✅ 注册成功! 客户端ID: ffea1615-1341-437e-b26e-011116ccdb94, 员工ID: 梁珂\LiangKe
2026-03-09 15:00:02 - client_utils - INFO - 开始监控，员工ID: 梁珂\LiangKe
2026-03-09 15:00:02 - client_utils - INFO - 截图间隔: 300秒
2026-03-09 15:00:02 - client_utils - INFO - 图片格式: webp
2026-03-09 15:00:02 - client_utils - INFO - 监控程序启动成功
2026-03-09 15:00:02 - client_utils - INFO - ✅ 托盘图标线程已启动
2026-03-09 15:03:49 - client_utils - INFO - 正在停止监控程序...
2026-03-09 15:03:51 - client_utils - INFO - ✅ 托盘图标已创建
2026-03-09 15:03:51 - client_utils - INFO - ==================================================
2026-03-09 15:03:51 - client_utils - INFO - 员工监控系统客户端 v3.0
2026-03-09 15:03:51 - client_utils - INFO - ==================================================
2026-03-09 15:03:51 - client_utils - INFO - 🔧 直接使用本地服务器: http://localhost:8000
2026-03-09 15:03:53 - client_utils - INFO - ✅ 本地服务器连接成功
2026-03-09 15:03:54 - client_utils - INFO - 使用现有client_id: ffea1615-1341-437e-b26e-011116ccdb94
2026-03-09 15:03:56 - client_utils - INFO - 开始监控，员工ID: 梁珂\LiangKe
2026-03-09 15:03:56 - client_utils - INFO - 截图间隔: 300秒
2026-03-09 15:03:56 - client_utils - INFO - 图片格式: webp
2026-03-09 15:03:56 - client_utils - INFO - 监控程序启动成功
2026-03-09 15:03:56 - client_utils - INFO - ✅ 托盘图标线程已启动
2026-03-09 15:08:58 - client_utils - INFO - ✅ 截图成功: screenshot_20260309_150858.webp (255.6KB, webp)
2026-03-09 15:09:00 - client_utils - INFO - ✅ 截图上传成功: screenshot_20260309_150858.webp
2026-03-09 15:10:14 - client_utils - INFO - 正在停止监控程序...
2026-03-09 15:10:15 - client_utils - INFO - ✅ 截图成功: screenshot_20260309_151014.webp (301.7KB, webp)
2026-03-09 15:10:23 - client_utils - INFO - 📝 从配置文件读取截图间隔: 60秒
2026-03-09 15:10:23 - client_utils - INFO - ✅ 托盘图标已创建
2026-03-09 15:10:23 - client_utils - INFO - ==================================================
2026-03-09 15:10:23 - client_utils - INFO - 员工监控系统客户端 v3.0
2026-03-09 15:10:23 - client_utils - INFO - ==================================================
2026-03-09 15:10:23 - client_utils - INFO - 🔧 直接使用本地服务器: http://localhost:8000
2026-03-09 15:10:25 - client_utils - INFO - ✅ 本地服务器连接成功
2026-03-09 15:10:26 - client_utils - INFO - 正在向服务器注册: http://localhost:8000
2026-03-09 15:10:28 - client_utils - INFO - 截图间隔更新为: 300秒
2026-03-09 15:10:28 - client_utils - INFO - ✅ 注册成功! 客户端ID: ffea1615-1341-437e-b26e-011116ccdb94, 员工ID: 梁珂\LiangKe
2026-03-09 15:10:28 - client_utils - INFO - 开始监控，员工ID: 梁珂\LiangKe
2026-03-09 15:10:28 - client_utils - INFO - 截图间隔: 300秒
2026-03-09 15:10:28 - client_utils - INFO - 图片格式: webp
2026-03-09 15:10:28 - client_utils - INFO - 监控程序启动成功
2026-03-09 15:10:28 - client_utils - INFO - ✅ 托盘图标线程已启动
2026-03-09 15:15:31 - client_utils - INFO - ✅ 截图成功: screenshot_20260309_151531.webp (182.1KB, webp)
2026-03-09 15:15:33 - client_utils - INFO - ✅ 截图上传成功: screenshot_20260309_151531.webp
2026-03-09 15:15:47 - urllib3.connectionpool - WARNING - Retrying (Retry(total=2, connect=None, read=None, redirect=None, status=None)) after connection broken by 'NewConnectionError("HTTPConnection(host='localhost', port=8000): Failed to establish a new connection: [WinError 10061] 由于目标计算机积极拒绝，无法连接。")': /api/client/ffea1615-1341-437e-b26e-011116ccdb94/heartbeat
2026-03-09 15:15:51 - urllib3.connectionpool - WARNING - Retrying (Retry(total=1, connect=None, read=None, redirect=None, status=None)) after connection broken by 'NewConnectionError("HTTPConnection(host='localhost', port=8000): Failed to establish a new connection: [WinError 10061] 由于目标计算机积极拒绝，无法连接。")': /api/client/ffea1615-1341-437e-b26e-011116ccdb94/heartbeat
2026-03-09 15:15:55 - client_utils - INFO - 正在停止监控程序...
2026-03-09 15:15:59 - client_utils - INFO - 📝 从配置文件读取截图间隔: 60秒
2026-03-09 15:15:59 - client_utils - INFO - ✅ 托盘图标已创建
2026-03-09 15:15:59 - client_utils - INFO - ==================================================
2026-03-09 15:15:59 - client_utils - INFO - 员工监控系统客户端 v3.0
2026-03-09 15:15:59 - client_utils - INFO - ==================================================
2026-03-09 15:15:59 - client_utils - INFO - 🔧 直接使用本地服务器: http://localhost:8000
2026-03-09 15:16:01 - client_utils - INFO - ✅ 本地服务器连接成功
2026-03-09 15:16:02 - client_utils - INFO - 正在向服务器注册: http://localhost:8000
2026-03-09 15:16:04 - client_utils - INFO - 截图间隔更新为: 300秒
2026-03-09 15:16:04 - client_utils - INFO - ✅ 注册成功! 客户端ID: ffea1615-1341-437e-b26e-011116ccdb94, 员工ID: 梁珂\LiangKe
2026-03-09 15:16:04 - client_utils - INFO - 开始监控，员工ID: 梁珂\LiangKe
2026-03-09 15:16:04 - client_utils - INFO - 截图间隔: 300秒
2026-03-09 15:16:04 - client_utils - INFO - 图片格式: webp
2026-03-09 15:16:04 - client_utils - INFO - 监控程序启动成功
2026-03-09 15:16:04 - client_utils - INFO - ✅ 托盘图标线程已启动
2026-03-09 15:21:07 - client_utils - INFO - ✅ 截图成功: screenshot_20260309_152106.webp (293.0KB, webp)
2026-03-09 15:21:09 - client_utils - INFO - ✅ 截图上传成功: screenshot_20260309_152106.webp
2026-03-09 15:24:37 - client_utils - INFO - 正在停止监控程序...
2026-03-09 15:24:40 - client_utils - INFO - 📝 从配置文件读取截图间隔: 60秒
2026-03-09 15:24:40 - client_utils - INFO - ✅ 托盘图标已创建
2026-03-09 15:24:40 - client_utils - INFO - ==================================================
2026-03-09 15:24:40 - client_utils - INFO - 员工监控系统客户端 v3.0
2026-03-09 15:24:40 - client_utils - INFO - ==================================================
2026-03-09 15:24:40 - client_utils - INFO - 🔧 直接使用本地服务器: http://localhost:8000
2026-03-09 15:24:42 - client_utils - INFO - ✅ 本地服务器连接成功
2026-03-09 15:24:42 - client_utils - INFO - 使用现有client_id: ffea1615-1341-437e-b26e-011116ccdb94
2026-03-09 15:24:44 - client_utils - INFO - 截图间隔更新为: 300秒
2026-03-09 15:24:44 - client_utils - INFO - 开始监控，员工ID: 梁珂\LiangKe
2026-03-09 15:24:44 - client_utils - INFO - 截图间隔: 300秒
2026-03-09 15:24:44 - client_utils - INFO - 图片格式: webp
2026-03-09 15:24:44 - client_utils - INFO - 监控程序启动成功
2026-03-09 15:24:44 - client_utils - INFO - ✅ 托盘图标线程已启动
2026-03-09 15:25:20 - client_utils - INFO - 正在停止监控程序...
2026-03-09 15:25:23 - client_utils - INFO - 📝 从配置文件读取截图间隔: 60秒
2026-03-09 15:25:23 - client_utils - INFO - ✅ 托盘图标已创建
2026-03-09 15:25:23 - client_utils - INFO - ==================================================
2026-03-09 15:25:23 - client_utils - INFO - 员工监控系统客户端 v3.0
2026-03-09 15:25:23 - client_utils - INFO - ==================================================
2026-03-09 15:25:23 - client_utils - INFO - 🔧 直接使用本地服务器: http://localhost:8000
2026-03-09 15:25:25 - client_utils - INFO - ✅ 本地服务器连接成功
2026-03-09 15:25:26 - client_utils - INFO - 正在向服务器注册: http://localhost:8000
2026-03-09 15:25:28 - client_utils - INFO - 截图间隔更新为: 300秒
2026-03-09 15:25:28 - client_utils - INFO - ✅ 注册成功! 客户端ID: ffea1615-1341-437e-b26e-011116ccdb94, 员工ID: 梁珂\LiangKe
2026-03-09 15:25:28 - client_utils - INFO - 开始监控，员工ID: 梁珂\LiangKe
2026-03-09 15:25:28 - client_utils - INFO - 截图间隔: 300秒
2026-03-09 15:25:28 - client_utils - INFO - 图片格式: webp
2026-03-09 15:25:28 - client_utils - INFO - 监控程序启动成功
2026-03-09 15:25:28 - client_utils - INFO - ✅ 托盘图标线程已启动
2026-03-09 15:30:31 - client_utils - INFO - ✅ 截图成功: screenshot_20260309_153030.webp (202.6KB, webp)
2026-03-09 15:30:33 - client_utils - INFO - ✅ 截图上传成功: screenshot_20260309_153030.webp
2026-03-09 15:31:17 - client_utils - INFO - 正在停止监控程序...
2026-03-09 15:31:19 - client_utils - INFO - 📝 从配置文件读取截图间隔: 60秒
2026-03-09 15:31:19 - client_utils - INFO - ✅ 托盘图标已创建
2026-03-09 15:31:19 - client_utils - INFO - ==================================================
2026-03-09 15:31:19 - client_utils - INFO - 员工监控系统客户端 v3.0
2026-03-09 15:31:19 - client_utils - INFO - ==================================================
2026-03-09 15:31:19 - client_utils - INFO - 🔧 直接使用本地服务器: http://localhost:8000
2026-03-09 15:31:21 - client_utils - INFO - ✅ 本地服务器连接成功
2026-03-09 15:31:23 - client_utils - INFO - 正在向服务器注册: http://localhost:8000
2026-03-09 15:31:25 - client_utils - INFO - 截图间隔更新为: 300秒
2026-03-09 15:31:25 - client_utils - INFO - ✅ 注册成功! 客户端ID: ffea1615-1341-437e-b26e-011116ccdb94, 员工ID: 梁珂\LiangKe
2026-03-09 15:31:25 - client_utils - INFO - 开始监控，员工ID: 梁珂\LiangKe
2026-03-09 15:31:25 - client_utils - INFO - 截图间隔: 300秒
2026-03-09 15:31:25 - client_utils - INFO - 图片格式: webp
2026-03-09 15:31:25 - client_utils - INFO - 监控程序启动成功
2026-03-09 15:31:25 - client_utils - INFO - ✅ 托盘图标线程已启动
2026-03-09 15:36:27 - client_utils - INFO - ✅ 截图成功: screenshot_20260309_153627.webp (234.7KB, webp)
2026-03-09 15:36:29 - client_utils - INFO - ✅ 截图上传成功: screenshot_20260309_153627.webp
2026-03-09 15:41:30 - client_utils - INFO - ✅ 截图成功: screenshot_20260309_154130.webp (283.9KB, webp)
2026-03-09 15:41:32 - client_utils - INFO - ✅ 截图上传成功: screenshot_20260309_154130.webp
2026-03-09 15:43:18 - client_utils - INFO - 正在停止监控程序...
2026-03-09 15:43:20 - client_utils - INFO - 📝 初始配置 - 间隔: 60秒, 质量: 80, 格式: webp
2026-03-09 15:43:20 - client_utils - INFO - ✅ 托盘图标已创建
2026-03-09 15:43:20 - client_utils - INFO - ==================================================
2026-03-09 15:43:20 - client_utils - INFO - 员工监控系统客户端 v3.0
2026-03-09 15:43:20 - client_utils - INFO - ==================================================
2026-03-09 15:43:20 - client_utils - INFO - 🔧 直接使用本地服务器: http://localhost:8000
2026-03-09 15:43:22 - client_utils - INFO - ✅ 本地服务器连接成功
2026-03-09 15:43:24 - client_utils - INFO - 正在向服务器注册: http://localhost:8000
2026-03-09 15:43:26 - client_utils - INFO - 【服务器强制】截图间隔更新为: 300秒
2026-03-09 15:43:26 - client_utils - INFO - ✅ 注册成功! 客户端ID: ffea1615-1341-437e-b26e-011116ccdb94, 员工ID: 梁珂\LiangKe
2026-03-09 15:43:26 - client_utils - INFO - 📡 当前服务器配置 - 间隔: 300秒, 质量: 80, 格式: webp
2026-03-09 15:43:26 - client_utils - INFO - 开始监控，员工ID: 梁珂\LiangKe
2026-03-09 15:43:26 - client_utils - INFO - 截图间隔: 300秒
2026-03-09 15:43:26 - client_utils - INFO - 图片格式: webp
2026-03-09 15:43:26 - client_utils - INFO - 监控程序启动成功
2026-03-09 15:43:26 - client_utils - INFO - ✅ 托盘图标线程已启动
2026-03-09 15:48:29 - client_utils - INFO - ✅ 截图成功: screenshot_20260309_154828.webp (219.5KB, webp)
2026-03-09 15:48:31 - client_utils - INFO - ✅ 截图上传成功: screenshot_20260309_154828.webp
2026-03-09 15:49:34 - client_utils - INFO - 正在停止监控程序...
2026-03-09 15:49:38 - client_utils - INFO - 📝 初始配置 - 间隔: 60秒, 质量: 80, 格式: webp
2026-03-09 15:49:38 - client_utils - INFO - ✅ 托盘图标已创建
2026-03-09 15:49:38 - client_utils - INFO - ==================================================
2026-03-09 15:49:38 - client_utils - INFO - 员工监控系统客户端 v3.0
2026-03-09 15:49:38 - client_utils - INFO - ==================================================
2026-03-09 15:49:38 - client_utils - INFO - 🔧 直接使用本地服务器: http://localhost:8000
2026-03-09 15:49:40 - client_utils - INFO - ✅ 本地服务器连接成功
2026-03-09 15:49:41 - client_utils - INFO - 正在向服务器注册: http://localhost:8000
2026-03-09 15:49:44 - client_utils - INFO - 【服务器强制】截图间隔更新为: 300秒
2026-03-09 15:49:44 - client_utils - INFO - ✅ 注册成功! 客户端ID: ffea1615-1341-437e-b26e-011116ccdb94, 员工ID: 梁珂\LiangKe
2026-03-09 15:49:44 - client_utils - INFO - 📡 当前服务器配置 - 间隔: 300秒, 质量: 80, 格式: webp
2026-03-09 15:49:44 - client_utils - INFO - 开始监控，员工ID: 梁珂\LiangKe
2026-03-09 15:49:44 - client_utils - INFO - 截图间隔: 300秒
2026-03-09 15:49:44 - client_utils - INFO - 图片格式: webp
2026-03-09 15:49:44 - client_utils - INFO - 监控程序启动成功
2026-03-09 15:49:44 - client_utils - INFO - ✅ 托盘图标线程已启动
2026-03-09 15:53:50 - client_utils - INFO - 正在停止监控程序...
2026-03-09 15:55:08 - client_utils - INFO - 📝 初始配置 - 间隔: 60秒, 质量: 80, 格式: webp
2026-03-09 15:55:08 - client_utils - INFO - ✅ 托盘图标已创建
2026-03-09 15:55:08 - client_utils - INFO - ==================================================
2026-03-09 15:55:08 - client_utils - INFO - 员工监控系统客户端 v3.0
2026-03-09 15:55:08 - client_utils - INFO - ==================================================
2026-03-09 15:55:08 - client_utils - INFO - 🔧 直接使用本地服务器: http://localhost:8000
2026-03-09 15:55:10 - client_utils - INFO - ✅ 本地服务器连接成功
2026-03-09 15:55:11 - client_utils - INFO - 正在向服务器注册: http://localhost:8000
2026-03-09 15:55:13 - client_utils - INFO - 【服务器强制】截图间隔更新为: 300秒
2026-03-09 15:55:13 - client_utils - INFO - ✅ 注册成功! 客户端ID: ffea1615-1341-437e-b26e-011116ccdb94, 员工ID: 梁珂\LiangKe
2026-03-09 15:55:13 - client_utils - INFO - 📡 当前服务器配置 - 间隔: 300秒, 质量: 80, 格式: webp
2026-03-09 15:55:13 - client_utils - INFO - 开始监控，员工ID: 梁珂\LiangKe
2026-03-09 15:55:13 - client_utils - INFO - 截图间隔: 300秒
2026-03-09 15:55:13 - client_utils - INFO - 图片格式: webp
2026-03-09 15:55:13 - client_utils - INFO - 监控程序启动成功
2026-03-09 15:55:13 - client_utils - INFO - ✅ 托盘图标线程已启动
2026-03-09 15:57:22 - urllib3.connectionpool - WARNING - Retrying (Retry(total=2, connect=None, read=None, redirect=None, status=None)) after connection broken by 'NewConnectionError("HTTPConnection(host='localhost', port=8000): Failed to establish a new connection: [WinError 10061] 由于目标计算机积极拒绝，无法连接。")': /api/client/ffea1615-1341-437e-b26e-011116ccdb94/heartbeat
2026-03-09 15:57:26 - urllib3.connectionpool - WARNING - Retrying (Retry(total=1, connect=None, read=None, redirect=None, status=None)) after connection broken by 'NewConnectionError("HTTPConnection(host='localhost', port=8000): Failed to establish a new connection: [WinError 10061] 由于目标计算机积极拒绝，无法连接。")': /api/client/ffea1615-1341-437e-b26e-011116ccdb94/heartbeat
2026-03-09 15:57:31 - urllib3.connectionpool - WARNING - Retrying (Retry(total=0, connect=None, read=None, redirect=None, status=None)) after connection broken by 'NewConnectionError("HTTPConnection(host='localhost', port=8000): Failed to establish a new connection: [WinError 10061] 由于目标计算机积极拒绝，无法连接。")': /api/client/ffea1615-1341-437e-b26e-011116ccdb94/heartbeat
2026-03-09 15:57:40 - urllib3.connectionpool - WARNING - Retrying (Retry(total=2, connect=None, read=None, redirect=None, status=None)) after connection broken by 'NewConnectionError("HTTPConnection(host='localhost', port=8000): Failed to establish a new connection: [WinError 10061] 由于目标计算机积极拒绝，无法连接。")': /api/client/ffea1615-1341-437e-b26e-011116ccdb94/heartbeat
2026-03-09 15:57:44 - urllib3.connectionpool - WARNING - Retrying (Retry(total=1, connect=None, read=None, redirect=None, status=None)) after connection broken by 'NewConnectionError("HTTPConnection(host='localhost', port=8000): Failed to establish a new connection: [WinError 10061] 由于目标计算机积极拒绝，无法连接。")': /api/client/ffea1615-1341-437e-b26e-011116ccdb94/heartbeat
2026-03-09 15:57:48 - urllib3.connectionpool - WARNING - Retrying (Retry(total=0, connect=None, read=None, redirect=None, status=None)) after connection broken by 'NewConnectionError("HTTPConnection(host='localhost', port=8000): Failed to establish a new connection: [WinError 10061] 由于目标计算机积极拒绝，无法连接。")': /api/client/ffea1615-1341-437e-b26e-011116ccdb94/heartbeat
2026-03-09 15:57:58 - urllib3.connectionpool - WARNING - Retrying (Retry(total=2, connect=None, read=None, redirect=None, status=None)) after connection broken by 'NewConnectionError("HTTPConnection(host='localhost', port=8000): Failed to establish a new connection: [WinError 10061] 由于目标计算机积极拒绝，无法连接。")': /api/client/ffea1615-1341-437e-b26e-011116ccdb94/heartbeat
2026-03-09 15:58:02 - urllib3.connectionpool - WARNING - Retrying (Retry(total=1, connect=None, read=None, redirect=None, status=None)) after connection broken by 'NewConnectionError("HTTPConnection(host='localhost', port=8000): Failed to establish a new connection: [WinError 10061] 由于目标计算机积极拒绝，无法连接。")': /api/client/ffea1615-1341-437e-b26e-011116ccdb94/heartbeat
2026-03-09 15:58:06 - urllib3.connectionpool - WARNING - Retrying (Retry(total=0, connect=None, read=None, redirect=None, status=None)) after connection broken by 'NewConnectionError("HTTPConnection(host='localhost', port=8000): Failed to establish a new connection: [WinError 10061] 由于目标计算机积极拒绝，无法连接。")': /api/client/ffea1615-1341-437e-b26e-011116ccdb94/heartbeat
2026-03-09 15:59:15 - urllib3.connectionpool - WARNING - Retrying (Retry(total=2, connect=None, read=None, redirect=None, status=None)) after connection broken by 'NewConnectionError("HTTPConnection(host='localhost', port=8000): Failed to establish a new connection: [WinError 10061] 由于目标计算机积极拒绝，无法连接。")': /api/client/ffea1615-1341-437e-b26e-011116ccdb94/heartbeat
2026-03-09 15:59:20 - urllib3.connectionpool - WARNING - Retrying (Retry(total=1, connect=None, read=None, redirect=None, status=None)) after connection broken by 'NewConnectionError("HTTPConnection(host='localhost', port=8000): Failed to establish a new connection: [WinError 10061] 由于目标计算机积极拒绝，无法连接。")': /api/client/ffea1615-1341-437e-b26e-011116ccdb94/heartbeat
2026-03-09 15:59:24 - urllib3.connectionpool - WARNING - Retrying (Retry(total=0, connect=None, read=None, redirect=None, status=None)) after connection broken by 'NewConnectionError("HTTPConnection(host='localhost', port=8000): Failed to establish a new connection: [WinError 10061] 由于目标计算机积极拒绝，无法连接。")': /api/client/ffea1615-1341-437e-b26e-011116ccdb94/heartbeat
2026-03-09 15:59:39 - client_utils - INFO - 正在停止监控程序...
2026-03-09 15:59:44 - client_utils - INFO - 📝 初始配置 - 间隔: 300秒, 质量: 80, 格式: webp
2026-03-09 15:59:44 - client_utils - INFO - ✅ 托盘图标已创建
2026-03-09 15:59:44 - client_utils - INFO - ==================================================
2026-03-09 15:59:44 - client_utils - INFO - 员工监控系统客户端 v3.0
2026-03-09 15:59:44 - client_utils - INFO - ==================================================
2026-03-09 15:59:44 - client_utils - INFO - 🔧 直接使用本地服务器: http://localhost:8000
2026-03-09 15:59:46 - client_utils - INFO - ✅ 本地服务器连接成功
2026-03-09 15:59:46 - client_utils - INFO - 使用现有client_id: ffea1615-1341-437e-b26e-011116ccdb94
2026-03-09 15:59:48 - client_utils - INFO - ✅ 从服务器获取配置成功
2026-03-09 15:59:49 - client_utils - INFO - 正在向服务器注册: http://localhost:8000
2026-03-09 15:59:49 - client_utils - INFO - ✅ 注册成功! 客户端ID: ffea1615-1341-437e-b26e-011116ccdb94, 员工ID: 梁珂\LiangKe
2026-03-09 15:59:49 - client_utils - INFO - 📡 当前服务器配置 - 间隔: 300秒, 质量: 80, 格式: webp
2026-03-09 15:59:49 - client_utils - INFO - 开始监控，员工ID: 梁珂\LiangKe
2026-03-09 15:59:49 - client_utils - INFO - 截图间隔: 300秒
2026-03-09 15:59:49 - client_utils - INFO - 图片格式: webp
2026-03-09 15:59:49 - client_utils - INFO - 监控程序启动成功
2026-03-09 15:59:49 - client_utils - INFO - ✅ 托盘图标线程已启动
2026-03-09 16:00:04 - client_utils - INFO - 正在停止监控程序...
2026-03-09 16:00:07 - client_utils - INFO - 📝 初始配置 - 间隔: 60秒, 质量: 80, 格式: webp
2026-03-09 16:00:07 - client_utils - INFO - ✅ 托盘图标已创建
2026-03-09 16:00:07 - client_utils - INFO - ==================================================
2026-03-09 16:00:07 - client_utils - INFO - 员工监控系统客户端 v3.0
2026-03-09 16:00:07 - client_utils - INFO - ==================================================
2026-03-09 16:00:07 - client_utils - INFO - 🔧 直接使用本地服务器: http://localhost:8000
2026-03-09 16:00:09 - client_utils - INFO - ✅ 本地服务器连接成功
2026-03-09 16:00:10 - client_utils - INFO - 正在向服务器注册: http://localhost:8000
2026-03-09 16:00:12 - client_utils - INFO - 【服务器强制】截图间隔更新为: 300秒
2026-03-09 16:00:12 - client_utils - INFO - ✅ 注册成功! 客户端ID: ffea1615-1341-437e-b26e-011116ccdb94, 员工ID: 梁珂\LiangKe
2026-03-09 16:00:12 - client_utils - INFO - 📡 当前服务器配置 - 间隔: 300秒, 质量: 80, 格式: webp
2026-03-09 16:00:12 - client_utils - INFO - 开始监控，员工ID: 梁珂\LiangKe
2026-03-09 16:00:12 - client_utils - INFO - 截图间隔: 300秒
2026-03-09 16:00:12 - client_utils - INFO - 图片格式: webp
2026-03-09 16:00:12 - client_utils - INFO - 监控程序启动成功
2026-03-09 16:00:12 - client_utils - INFO - ✅ 托盘图标线程已启动
2026-03-09 16:04:09 - client_utils - INFO - 正在停止监控程序...
2026-03-09 16:04:11 - client_utils - INFO - 📝 初始配置 - 间隔: 60秒, 质量: 80, 格式: webp
2026-03-09 16:04:11 - client_utils - INFO - ✅ 托盘图标已创建
2026-03-09 16:04:11 - client_utils - INFO - ==================================================
2026-03-09 16:04:11 - client_utils - INFO - 员工监控系统客户端 v3.0
2026-03-09 16:04:11 - client_utils - INFO - ==================================================
2026-03-09 16:04:11 - client_utils - INFO - 🔧 直接使用本地服务器: http://localhost:8000
2026-03-09 16:04:13 - client_utils - INFO - ✅ 本地服务器连接成功
2026-03-09 16:04:15 - client_utils - INFO - 正在向服务器注册: http://localhost:8000
2026-03-09 16:04:17 - client_utils - INFO - 【服务器强制】截图间隔更新为: 300秒
2026-03-09 16:04:17 - client_utils - INFO - ✅ 注册成功! 客户端ID: ffea1615-1341-437e-b26e-011116ccdb94, 员工ID: 梁珂\LiangKe
2026-03-09 16:04:17 - client_utils - INFO - 📡 当前服务器配置 - 间隔: 300秒, 质量: 80, 格式: webp
2026-03-09 16:04:17 - client_utils - INFO - 开始监控，员工ID: 梁珂\LiangKe
2026-03-09 16:04:17 - client_utils - INFO - 截图间隔: 300秒
2026-03-09 16:04:17 - client_utils - INFO - 图片格式: webp
2026-03-09 16:04:17 - client_utils - INFO - 监控程序启动成功
2026-03-09 16:04:17 - client_utils - INFO - ✅ 托盘图标线程已启动
2026-03-09 16:07:11 - client_utils - INFO - 正在停止监控程序...
2026-03-09 16:07:14 - client_utils - INFO - 📝 初始配置 - 间隔: 300秒, 质量: 80, 格式: webp
2026-03-09 16:07:14 - client_utils - INFO - ✅ 托盘图标已创建
2026-03-09 16:07:14 - client_utils - INFO - ==================================================
2026-03-09 16:07:14 - client_utils - INFO - 员工监控系统客户端 v3.0
2026-03-09 16:07:14 - client_utils - INFO - ==================================================
2026-03-09 16:07:14 - client_utils - INFO - 🔧 直接使用本地服务器: http://localhost:8000
2026-03-09 16:07:16 - client_utils - INFO - ✅ 本地服务器连接成功
2026-03-09 16:07:16 - client_utils - INFO - 使用现有client_id: ffea1615-1341-437e-b26e-011116ccdb94
2026-03-09 16:07:18 - client_utils - INFO - ✅ 从服务器获取配置成功
2026-03-09 16:07:19 - client_utils - INFO - 正在向服务器注册: http://localhost:8000
2026-03-09 16:07:19 - client_utils - INFO - ✅ 注册成功! 客户端ID: ffea1615-1341-437e-b26e-011116ccdb94, 员工ID: 梁珂\LiangKe
2026-03-09 16:07:19 - client_utils - INFO - 📡 当前服务器配置 - 间隔: 300秒, 质量: 80, 格式: webp
2026-03-09 16:07:19 - client_utils - INFO - 开始监控，员工ID: 梁珂\LiangKe
2026-03-09 16:07:19 - client_utils - INFO - 截图间隔: 300秒
2026-03-09 16:07:19 - client_utils - INFO - 图片格式: webp
2026-03-09 16:07:19 - client_utils - INFO - 监控程序启动成功
2026-03-09 16:07:19 - client_utils - INFO - ✅ 托盘图标线程已启动
2026-03-09 16:10:19 - client_utils - INFO - 正在停止监控程序...
2026-03-09 16:10:44 - client_utils - INFO - 📝 初始配置 - 间隔: 60秒, 质量: 80, 格式: webp
2026-03-09 16:10:44 - client_utils - INFO - ✅ 托盘图标已创建
2026-03-09 16:10:44 - client_utils - INFO - ==================================================
2026-03-09 16:10:44 - client_utils - INFO - 员工监控系统客户端 v3.0
2026-03-09 16:10:44 - client_utils - INFO - ==================================================
2026-03-09 16:10:44 - client_utils - INFO - 🔧 直接使用本地服务器: http://localhost:8000
2026-03-09 16:10:46 - client_utils - INFO - ✅ 本地服务器连接成功
2026-03-09 16:10:48 - client_utils - INFO - 正在向服务器注册: http://localhost:8000
2026-03-09 16:10:50 - client_utils - INFO - 【服务器强制】截图间隔更新为: 300秒
2026-03-09 16:10:50 - client_utils - INFO - ✅ 注册成功! 客户端ID: ffea1615-1341-437e-b26e-011116ccdb94, 员工ID: 梁珂\LiangKe
2026-03-09 16:10:50 - client_utils - INFO - 📡 当前服务器配置 - 间隔: 300秒, 质量: 80, 格式: webp
2026-03-09 16:10:50 - client_utils - INFO - 开始监控，员工ID: 梁珂\LiangKe
2026-03-09 16:10:50 - client_utils - INFO - 截图间隔: 300秒
2026-03-09 16:10:50 - client_utils - INFO - 图片格式: webp
2026-03-09 16:10:50 - client_utils - INFO - 监控程序启动成功
2026-03-09 16:10:50 - client_utils - INFO - ✅ 托盘图标线程已启动
2026-03-09 16:11:34 - client_utils - INFO - 正在停止监控程序...
2026-03-09 16:14:18 - client_utils - INFO - 📝 初始配置 - 间隔: 60秒, 质量: 80, 格式: webp
2026-03-09 16:14:18 - client_utils - INFO - ✅ 托盘图标已创建
2026-03-09 16:14:18 - client_utils - INFO - ==================================================
2026-03-09 16:14:18 - client_utils - INFO - 员工监控系统客户端 v3.0
2026-03-09 16:14:18 - client_utils - INFO - ==================================================
2026-03-09 16:14:18 - client_utils - INFO - 🔧 直接使用本地服务器: http://localhost:8000
2026-03-09 16:14:20 - client_utils - INFO - ✅ 本地服务器连接成功
2026-03-09 16:14:21 - client_utils - INFO - 正在向服务器注册: http://localhost:8000
2026-03-09 16:14:23 - client_utils - INFO - 【服务器强制】截图间隔更新为: 300秒
2026-03-09 16:14:23 - client_utils - INFO - ✅ 注册成功! 客户端ID: ffea1615-1341-437e-b26e-011116ccdb94, 员工ID: 梁珂\LiangKe
2026-03-09 16:14:23 - client_utils - INFO - 📡 当前服务器配置 - 间隔: 300秒, 质量: 80, 格式: webp
2026-03-09 16:14:23 - client_utils - INFO - 开始监控，员工ID: 梁珂\LiangKe
2026-03-09 16:14:23 - client_utils - INFO - 截图间隔: 300秒
2026-03-09 16:14:23 - client_utils - INFO - 图片格式: webp
2026-03-09 16:14:23 - client_utils - INFO - 监控程序启动成功
2026-03-09 16:14:23 - client_utils - INFO - ✅ 托盘图标线程已启动
2026-03-09 16:18:20 - client_utils - INFO - 正在停止监控程序...
2026-03-09 16:18:23 - client_utils - INFO - 📝 初始配置 - 间隔: 60秒, 质量: 80, 格式: webp
2026-03-09 16:18:23 - client_utils - INFO - ✅ 托盘图标已创建
2026-03-09 16:18:23 - client_utils - INFO - ==================================================
2026-03-09 16:18:23 - client_utils - INFO - 员工监控系统客户端 v3.0
2026-03-09 16:18:23 - client_utils - INFO - ==================================================
2026-03-09 16:18:23 - client_utils - INFO - 🔧 直接使用本地服务器: http://localhost:8000
2026-03-09 16:18:25 - client_utils - INFO - ✅ 本地服务器连接成功
2026-03-09 16:18:27 - client_utils - INFO - 正在向服务器注册: http://localhost:8000
2026-03-09 16:18:29 - client_utils - INFO - 【服务器强制】截图间隔更新为: 300秒
2026-03-09 16:18:29 - client_utils - INFO - ✅ 注册成功! 客户端ID: ffea1615-1341-437e-b26e-011116ccdb94, 员工ID: 梁珂\LiangKe
2026-03-09 16:18:29 - client_utils - INFO - 📡 当前服务器配置 - 间隔: 300秒, 质量: 80, 格式: webp
2026-03-09 16:18:29 - client_utils - INFO - 开始监控，员工ID: 梁珂\LiangKe
2026-03-09 16:18:29 - client_utils - INFO - 截图间隔: 300秒
2026-03-09 16:18:29 - client_utils - INFO - 图片格式: webp
2026-03-09 16:18:29 - client_utils - INFO - 监控程序启动成功
2026-03-09 16:18:29 - client_utils - INFO - ✅ 托盘图标线程已启动
2026-03-09 16:23:31 - client_utils - INFO - ✅ 截图成功: screenshot_20260309_162331.webp (225.3KB, webp)
2026-03-09 16:23:33 - client_utils - INFO - ✅ 截图上传成功: screenshot_20260309_162331.webp
2026-03-09 16:28:34 - client_utils - INFO - ✅ 截图成功: screenshot_20260309_162833.webp (175.1KB, webp)
2026-03-09 16:28:36 - client_utils - INFO - ✅ 截图上传成功: screenshot_20260309_162833.webp
2026-03-09 16:33:39 - client_utils - INFO - ✅ 截图成功: screenshot_20260309_163338.webp (237.4KB, webp)
2026-03-09 16:33:41 - client_utils - INFO - ✅ 截图上传成功: screenshot_20260309_163338.webp
2026-03-09 16:38:41 - client_utils - INFO - ✅ 截图成功: screenshot_20260309_163841.webp (143.7KB, webp)
2026-03-09 16:38:43 - client_utils - INFO - ✅ 截图上传成功: screenshot_20260309_163841.webp
2026-03-09 16:43:46 - client_utils - INFO - ✅ 截图成功: screenshot_20260309_164345.webp (174.4KB, webp)
2026-03-09 16:43:48 - client_utils - INFO - ✅ 截图上传成功: screenshot_20260309_164345.webp
